[debug] [2019-06-23T11:48:52.355Z] ----------------------------------------------------------------------
[debug] [2019-06-23T11:48:52.362Z] Command:       /usr/local/bin/node /usr/local/bin/firebase serve --only hosting,functions
[debug] [2019-06-23T11:48:52.363Z] CLI Version:   6.4.0
[debug] [2019-06-23T11:48:52.363Z] Platform:      darwin
[debug] [2019-06-23T11:48:52.363Z] Node Version:  v10.16.0
[debug] [2019-06-23T11:48:52.387Z] Time:          Sun Jun 23 2019 12:48:52 GMT+0100 (GMT+01:00)
[debug] [2019-06-23T11:48:52.387Z] ----------------------------------------------------------------------
[debug] 
[debug] [2019-06-23T11:48:52.438Z] > command requires scopes: ["email","openid","https://www.googleapis.com/auth/cloudplatformprojects.readonly","https://www.googleapis.com/auth/firebase","https://www.googleapis.com/auth/cloud-platform"]
[debug] [2019-06-23T11:48:52.439Z] > authorizing via signed-in user
[debug] [2019-06-23T11:48:52.439Z] [iam] checking project tripal-ddc7e for permissions ["firebase.projects.get"]
[debug] [2019-06-23T11:48:52.444Z] > refreshing access token with scopes: ["email","https://www.googleapis.com/auth/cloud-platform","https://www.googleapis.com/auth/cloudplatformprojects.readonly","https://www.googleapis.com/auth/firebase","openid"]
[debug] [2019-06-23T11:48:52.444Z] >>> HTTP REQUEST POST https://www.googleapis.com/oauth2/v3/token  
 <request body omitted>
[debug] [2019-06-23T11:48:53.237Z] <<< HTTP RESPONSE 200
[debug] [2019-06-23T11:48:53.314Z] >>> HTTP REQUEST POST https://cloudresourcemanager.googleapis.com/v1/projects/tripal-ddc7e:testIamPermissions  

[debug] [2019-06-23T11:48:55.014Z] <<< HTTP RESPONSE 200
[debug] [2019-06-23T11:48:55.017Z] >>> HTTP REQUEST GET https://cloudresourcemanager.googleapis.com/v1/projects/tripal-ddc7e  
 
[debug] [2019-06-23T11:48:56.257Z] <<< HTTP RESPONSE 200
[info] 
[info] === Serving from '/Users/oussamalahmidi/developpement/tripal_v1.0'...
[info] 
[debug] [2019-06-23T11:48:59.663Z] Error: EACCES: permission denied, mkdir '/usr/local/lib/node_modules/firebase-tools/node_modules/@google-cloud/functions-emulator/logs'
    at Object.mkdirSync (fs.js:757:3)
    at Object.assertLogsPath (/usr/local/lib/node_modules/firebase-tools/node_modules/@google-cloud/functions-emulator/src/emulator/logs.js:65:10)
    at new Controller (/usr/local/lib/node_modules/firebase-tools/node_modules/@google-cloud/functions-emulator/src/cli/controller.js:77:32)
    at FunctionsEmulator.start (/usr/local/lib/node_modules/firebase-tools/lib/functionsEmulator.js:102:23)
    at Object.start (/usr/local/lib/node_modules/firebase-tools/lib/serve/functions.js:7:33)
    at /usr/local/lib/node_modules/firebase-tools/lib/serve/index.js:15:23
    at arrayMap (/usr/local/lib/node_modules/firebase-tools/node_modules/lodash/lodash.js:639:23)
    at Function.map (/usr/local/lib/node_modules/firebase-tools/node_modules/lodash/lodash.js:9556:14)
    at _serve (/usr/local/lib/node_modules/firebase-tools/lib/serve/index.js:13:26)
    at Command.module.exports.Command.description.option.option.option.option.before.action [as _action] (/usr/local/lib/node_modules/firebase-tools/lib/commands/serve.js:55:12)
[error] 
[error] Error: An unexpected error has occurred.
